<?xml version="1.0" encoding="UTF-8"?>
<testsuite xmlns:xsi="http://www.w3.org/2001/XMLSchema-instance" xsi:noNamespaceSchemaLocation="https://maven.apache.org/surefire/maven-surefire-plugin/xsd/surefire-test-report.xsd" name="com.demo.SampleTest" time="0.002" tests="1" errors="0" skipped="0" failures="0">
  <properties>
    <property name="java.specification.version" value="22"/>
    <property name="sun.cpu.isalist" value="amd64"/>
    <property name="sun.jnu.encoding" value="Cp1252"/>
    <property name="java.class.path" value="C:\Users\Welcome\demowebapp\target\test-classes;C:\Users\Welcome\demowebapp\target\classes;C:\Users\Welcome\.m2\repository\junit\junit\4.11\junit-4.11.jar;C:\Users\Welcome\.m2\repository\org\hamcrest\hamcrest-core\1.3\hamcrest-core-1.3.jar;C:\Users\Welcome\.m2\repository\org\webjars\npm\vue3-google-map\0.15.0\vue3-google-map-0.15.0.jar;C:\Users\Welcome\.m2\repository\org\webjars\npm\googlemaps__js-api-loader\1.16.2\googlemaps__js-api-loader-1.16.2.jar;C:\Users\Welcome\.m2\repository\org\webjars\npm\googlemaps__markerclusterer\2.0.15\googlemaps__markerclusterer-2.0.15.jar;C:\Users\Welcome\.m2\repository\org\webjars\npm\supercluster\7.1.5\supercluster-7.1.5.jar;C:\Users\Welcome\.m2\repository\org\webjars\npm\kdbush\3.0.0\kdbush-3.0.0.jar;C:\Users\Welcome\.m2\repository\org\webjars\npm\fast-deep-equal\3.1.3\fast-deep-equal-3.1.3.jar;"/>
    <property name="java.vm.vendor" value="Oracle Corporation"/>
    <property name="sun.arch.data.model" value="64"/>
    <property name="user.variant" value=""/>
    <property name="java.vendor.url" value="https://java.oracle.com/"/>
    <property name="user.timezone" value="Asia/Calcutta"/>
    <property name="os.name" value="Windows 10"/>
    <property name="java.vm.specification.version" value="22"/>
    <property name="sun.java.launcher" value="SUN_STANDARD"/>
    <property name="user.country" value="IN"/>
    <property name="sun.boot.library.path" value="C:\Program Files\Java\jdk-22\bin"/>
    <property name="sun.java.command" value="C:\Users\Welcome\AppData\Local\Temp\surefire2795516475324627188\surefirebooter12928568296853914848.jar C:\Users\Welcome\AppData\Local\Temp\surefire2795516475324627188 2024-04-03T19-31-41_175-jvmRun1 surefire266591162674409724tmp surefire_09682175800367759922tmp"/>
    <property name="jdk.debug" value="release"/>
    <property name="surefire.test.class.path" value="C:\Users\Welcome\demowebapp\target\test-classes;C:\Users\Welcome\demowebapp\target\classes;C:\Users\Welcome\.m2\repository\junit\junit\4.11\junit-4.11.jar;C:\Users\Welcome\.m2\repository\org\hamcrest\hamcrest-core\1.3\hamcrest-core-1.3.jar;C:\Users\Welcome\.m2\repository\org\webjars\npm\vue3-google-map\0.15.0\vue3-google-map-0.15.0.jar;C:\Users\Welcome\.m2\repository\org\webjars\npm\googlemaps__js-api-loader\1.16.2\googlemaps__js-api-loader-1.16.2.jar;C:\Users\Welcome\.m2\repository\org\webjars\npm\googlemaps__markerclusterer\2.0.15\googlemaps__markerclusterer-2.0.15.jar;C:\Users\Welcome\.m2\repository\org\webjars\npm\supercluster\7.1.5\supercluster-7.1.5.jar;C:\Users\Welcome\.m2\repository\org\webjars\npm\kdbush\3.0.0\kdbush-3.0.0.jar;C:\Users\Welcome\.m2\repository\org\webjars\npm\fast-deep-equal\3.1.3\fast-deep-equal-3.1.3.jar;"/>
    <property name="sun.cpu.endian" value="little"/>
    <property name="user.home" value="C:\Users\Welcome"/>
    <property name="user.language" value="en"/>
    <property name="java.specification.vendor" value="Oracle Corporation"/>
    <property name="java.version.date" value="2024-03-19"/>
    <property name="java.home" value="C:\Program Files\Java\jdk-22"/>
    <property name="file.separator" value="\"/>
    <property name="basedir" value="C:\Users\Welcome\demowebapp"/>
    <property name="java.vm.compressedOopsMode" value="Zero based"/>
    <property name="line.separator" value="&#10;"/>
    <property name="java.vm.specification.vendor" value="Oracle Corporation"/>
    <property name="java.specification.name" value="Java Platform API Specification"/>
    <property name="surefire.real.class.path" value="C:\Users\Welcome\AppData\Local\Temp\surefire2795516475324627188\surefirebooter12928568296853914848.jar"/>
    <property name="user.script" value=""/>
    <property name="sun.management.compiler" value="HotSpot 64-Bit Tiered Compilers"/>
    <property name="java.runtime.version" value="22+36-2370"/>
    <property name="user.name" value="Welcome"/>
    <property name="stdout.encoding" value="Cp1252"/>
    <property name="path.separator" value=";"/>
    <property name="os.version" value="10.0"/>
    <property name="java.runtime.name" value="Java(TM) SE Runtime Environment"/>
    <property name="file.encoding" value="UTF-8"/>
    <property name="java.vm.name" value="Java HotSpot(TM) 64-Bit Server VM"/>
    <property name="localRepository" value="C:\Users\Welcome\.m2\repository"/>
    <property name="java.vendor.url.bug" value="https://bugreport.java.com/bugreport/"/>
    <property name="java.io.tmpdir" value="C:\Users\Welcome\AppData\Local\Temp\"/>
    <property name="java.version" value="22"/>
    <property name="user.dir" value="C:\Users\Welcome\demowebapp"/>
    <property name="os.arch" value="amd64"/>
    <property name="java.vm.specification.name" value="Java Virtual Machine Specification"/>
    <property name="sun.os.patch.level" value=""/>
    <property name="native.encoding" value="Cp1252"/>
    <property name="java.library.path" value="C:\Program Files\Java\jdk-22\bin;C:\WINDOWS\Sun\Java\bin;C:\WINDOWS\system32;C:\WINDOWS;C:\WINDOWS\system32;C:\WINDOWS;C:\WINDOWS\System32\Wbem;C:\WINDOWS\System32\WindowsPowerShell\v1.0\;C:\WINDOWS\System32\OpenSSH\;C:\Program Files\Amazon\AWSCLIV2\;C:\Users\Welcome\Downloads\terraform_1.6.4_windows_386 (2)\terraform.exe;C:\Program Files\terraform_1.6.6;C:\Program Files\MongoDB\Server\7.0\bin;C:\Program Files\Git\cmd;C:\Program Files\PuTTY\;C:\Program Files\Maven\apache-maven-3.9.6\bin;C:\Program Files\Java\jdk-22\bin;C:\Users\Welcome\AppData\Local\Microsoft\WindowsApps;C:\Users\Welcome\AppData\Local\Programs\Microsoft VS Code\bin;C:\Program Files\MongoDB\Server\7.0\bin;;."/>
    <property name="java.vm.info" value="mixed mode, sharing"/>
    <property name="stderr.encoding" value="Cp1252"/>
    <property name="java.vendor" value="Oracle Corporation"/>
    <property name="java.vm.version" value="22+36-2370"/>
    <property name="sun.io.unicode.encoding" value="UnicodeLittle"/>
    <property name="java.class.version" value="66.0"/>
  </properties>
  <testcase name="shouldAnswerWithTrue" classname="com.demo.SampleTest" time="0.001"/>
</testsuite>